{
  "RSpec": {
    "coverage": {
      "/Users/timfell/Documents/turing/3module/classwork/alt-fuel-finder/app/controllers/welcome_controller.rb": [
        1,
        1,
        null,
        null,
        null
      ],
      "/Users/timfell/Documents/turing/3module/classwork/alt-fuel-finder/app/controllers/application_controller.rb": [
        1,
        null,
        null,
        1,
        null
      ],
      "/Users/timfell/Documents/turing/3module/classwork/alt-fuel-finder/app/controllers/search_controller.rb": [
        1,
        1,
        null,
        null
      ],
      "/Users/timfell/Documents/turing/3module/classwork/alt-fuel-finder/app/helpers/application_helper.rb": [
        0,
        0
      ]
    },
    "timestamp": 1544632371
  }
}
