{
  "RSpec": {
    "coverage": {
      "/Users/timfell/Documents/turing/3module/classwork/alt-fuel-finder/app/controllers/welcome_controller.rb": [
        1,
        1,
        null,
        null,
        null
      ],
      "/Users/timfell/Documents/turing/3module/classwork/alt-fuel-finder/app/controllers/application_controller.rb": [
        1,
        null,
        null,
        1,
        null
      ],
      "/Users/timfell/Documents/turing/3module/classwork/alt-fuel-finder/app/controllers/search_controller.rb": [
        1,
        1,
        4,
        null,
        null
      ],
      "/Users/timfell/Documents/turing/3module/classwork/alt-fuel-finder/app/facade/search_facade.rb": [
        1,
        null,
        1,
        4,
        null,
        null,
        1,
        4,
        40,
        null,
        null,
        null,
        1,
        4,
        null,
        null,
        1,
        4,
        null,
        null,
        null
      ],
      "/Users/timfell/Documents/turing/3module/classwork/alt-fuel-finder/app/models/station.rb": [
        1,
        null,
        1,
        null,
        null,
        null,
        null,
        null,
        null,
        null,
        null,
        null,
        1,
        40,
        40,
        40,
        40,
        40,
        40,
        40,
        40,
        40,
        null,
        null,
        null
      ],
      "/Users/timfell/Documents/turing/3module/classwork/alt-fuel-finder/app/helpers/application_helper.rb": [
        0,
        0
      ]
    },
    "timestamp": 1544637973
  }
}
